<?xml version="1.0" encoding="UTF-8"?>
<testng-results ignored="0" total="4" passed="4" failed="0" skipped="0">
  <reporter-output>
  </reporter-output>
  <suite started-at="2022-01-10T15:54:44 CET" name="Suite" finished-at="2022-01-10T15:54:44 CET" duration-ms="72">
    <groups>
    </groups>
    <test started-at="2022-01-10T15:54:44 CET" name="Test" finished-at="2022-01-10T15:54:44 CET" duration-ms="72">
      <class name="qaclickacademy.AppiumTest">
        <test-method signature="IOSApps()[pri:0, instance:qaclickacademy.AppiumTest@16a0ee18]" started-at="2022-01-10T15:54:44 CET" name="IOSApps" finished-at="2022-01-10T15:54:44 CET" duration-ms="12" status="PASS">
          <reporter-output>
          </reporter-output>
        </test-method> <!-- IOSApps -->
        <test-method signature="NativeAPPAndroid()[pri:0, instance:qaclickacademy.AppiumTest@16a0ee18]" started-at="2022-01-10T15:54:44 CET" name="NativeAPPAndroid" finished-at="2022-01-10T15:54:44 CET" duration-ms="1" status="PASS">
          <reporter-output>
          </reporter-output>
        </test-method> <!-- NativeAPPAndroid -->
      </class> <!-- qaclickacademy.AppiumTest -->
      <class name="qaclickacademy.SeleniumTest">
        <test-method signature="BrowserAUtomtaion()[pri:0, instance:qaclickacademy.SeleniumTest@28f2a10f]" started-at="2022-01-10T15:54:44 CET" name="BrowserAUtomtaion" finished-at="2022-01-10T15:54:44 CET" duration-ms="1" status="PASS">
          <reporter-output>
          </reporter-output>
        </test-method> <!-- BrowserAUtomtaion -->
        <test-method signature="elemtsUi()[pri:0, instance:qaclickacademy.SeleniumTest@28f2a10f]" started-at="2022-01-10T15:54:44 CET" name="elemtsUi" finished-at="2022-01-10T15:54:44 CET" duration-ms="1" status="PASS">
          <reporter-output>
          </reporter-output>
        </test-method> <!-- elemtsUi -->
      </class> <!-- qaclickacademy.SeleniumTest -->
    </test> <!-- Test -->
  </suite> <!-- Suite -->
</testng-results>
