<?xml version="1.0" encoding="UTF-8"?>
<!-- Generated by org.testng.reporters.JUnitXMLReporter -->
<testsuite ignored="0" hostname="DESKTOP-J833GHP" failures="0" tests="4" name="Test" time="0.072" errors="0" timestamp="2022-01-10T15:54:44 CET">
  <testcase classname="qaclickacademy.AppiumTest" name="IOSApps" time="0.012"/>
  <testcase classname="qaclickacademy.AppiumTest" name="NativeAPPAndroid" time="0.001"/>
  <testcase classname="qaclickacademy.SeleniumTest" name="BrowserAUtomtaion" time="0.001"/>
  <testcase classname="qaclickacademy.SeleniumTest" name="elemtsUi" time="0.001"/>
</testsuite> <!-- Test -->
