<?xml version="1.0" encoding="UTF-8"?>
<!-- Generated by org.testng.reporters.JUnitXMLReporter -->
<testsuite ignored="0" hostname="DESKTOP-J833GHP" failures="0" tests="6" name="Surefire test" time="0.059" errors="0" timestamp="2022-01-10T15:44:46 CET">
  <testcase classname="qaclickacademy.AppiumTest" name="IOSApps" time="0.005"/>
  <testcase classname="qaclickacademy.AppiumTest" name="NativeAPPAndroid" time="0.0"/>
  <testcase classname="qaclickacademy.RESTAPITest" name="deleteTwitter" time="0.0"/>
  <testcase classname="qaclickacademy.RESTAPITest" name="postJira" time="0.0"/>
  <testcase classname="qaclickacademy.SeleniumTest" name="BrowserAUtomtaion" time="0.0"/>
  <testcase classname="qaclickacademy.SeleniumTest" name="elemtsUi" time="0.0"/>
</testsuite> <!-- Surefire test -->
